[[36mrosjava_catkin_package_a[0m] [1m[34m==>[0m '[1m/home/robot/bebop_ws/build/rosjava_catkin_package_a/build_env.sh /usr/bin/make cmake_check_build_system[0m' [30m[1min[0m '[1m/home/robot/bebop_ws/build/rosjava_catkin_package_a[0m'[0m
[[36mrosjava_catkin_package_a[0m] [32m<==[0m '[1m/home/robot/bebop_ws/build/rosjava_catkin_package_a/build_env.sh /usr/bin/make cmake_check_build_system[0m' finished with return code '[1m0[0m'[0m
[[36mrosjava_catkin_package_a[0m] [1m[34m==>[0m '[1m/home/robot/bebop_ws/build/rosjava_catkin_package_a/build_env.sh /usr/bin/make --jobserver-fds=3,5 -j[0m' [30m[1min[0m '[1m/home/robot/bebop_ws/build/rosjava_catkin_package_a[0m'[0m
[100%] [34m[1mGradling tasks for rosjava_catkin_package_a
[0m[0m[0mmake[2]: *** [CMakeFiles/gradle-rosjava_catkin_package_a] Interrupt
make[1]: *** [CMakeFiles/gradle-rosjava_catkin_package_a.dir/all] Interrupt
make: *** [all] Interrupt
[[36mrosjava_catkin_package_a[0m] [1m[31m<==[0m '[1m/home/robot/bebop_ws/build/rosjava_catkin_package_a/build_env.sh /usr/bin/make --jobserver-fds=3,5 -j[0m' [31mfailed with return code[0m '[1m-2[0m'[0m
